<?xml version="1.0" encoding="UTF-8"?>
<!-- Generated by org.testng.reporters.JUnitXMLReporter -->
<testsuite ignored="0" hostname="Stepha" failures="0" tests="9" name="AutomatedTest" time="132.726" errors="0" timestamp="2021-05-25T11:42:34 GST">
  <testcase classname="com.qa.testcases.ComputerTest" name="verifyThatUserCanAddComputerWithAllDetailsTest" time="6.074"/>
  <testcase classname="com.qa.testcases.ComputerTest" name="verifyThatUserCanAddComputerWithComputerNameTest" time="4.415"/>
  <testcase classname="com.qa.testcases.ComputerTest" name="verifyAddComputerWithoutNameTest" time="3.466"/>
  <testcase classname="com.qa.testcases.ComputerTest" name="verifyClickOnCancelButtonInAddComputerTest" time="2.992"/>
  <testcase classname="com.qa.testcases.ComputerTest" name="verifyThatUserCanEditComputerTest" time="8.98"/>
  <testcase classname="com.qa.testcases.ComputerTest" name="verifyEditComputerWithoutNameTest" time="5.723"/>
  <testcase classname="com.qa.testcases.ComputerTest" name="verifyClickOnCancelButtonInEditComputerTest" time="10.934"/>
  <testcase classname="com.qa.testcases.ComputerTest" name="verifyDeleteComputerTest" time="11.445"/>
  <testcase classname="com.qa.testcases.ComputerTest" name="verifyFilterComputerByNameTest" time="8.048"/>
</testsuite> <!-- AutomatedTest -->
