<?xml version="1.0" encoding="UTF-8"?>
<!-- Generated by org.testng.reporters.JUnitXMLReporter -->
<testsuite ignored="0" hostname="DESKTOP-QDTS583" failures="0" tests="4" name="Default test" time="47.993" errors="0" timestamp="2021-04-05T20:13:15 GST">
  <testcase classname="com.qa.testcases.LoginTest" name="verifyValidLoginTest" time="1.125"/>
  <testcase classname="com.qa.testcases.LoginTest" name="verifyLoginWithInvaliduserNameTest" time="3.282"/>
  <testcase classname="com.qa.testcases.LoginTest" name="LoginWithInvalidPasswordTest" time="1.021"/>
  <testcase classname="com.qa.testcases.LoginTest" name="verifyLogoutOfApplicationTest" time="1.917"/>
</testsuite> <!-- Default test -->
